-------------------------------------------------------------------------------
Test set: tests.LoginTest
-------------------------------------------------------------------------------
Tests run: 3, Failures: 1, Errors: 0, Skipped: 0, Time elapsed: 80.871 s <<< FAILURE! - in tests.LoginTest
tests.LoginTest.login[sureshkumar3@gmail.com, james345](3)  Time elapsed: 24.824 s  <<< FAILURE!
org.openqa.selenium.json.JsonException: 
java.lang.reflect.InvocationTargetException
Build info: version: '3.141.59', revision: 'e82be7d358', time: '2018-11-14T08:17:03'
System info: host: 'DESKTOP-N73IAD5', ip: '192.168.43.139', os.name: 'Windows 10', os.arch: 'amd64', os.version: '10.0', java.version: '11.0.11'
Driver info: driver.version: RemoteWebDriver
	at tests.LoginTest.login(LoginTest.java:56)
Caused by: java.lang.reflect.InvocationTargetException
	at tests.LoginTest.login(LoginTest.java:56)
Caused by: org.openqa.selenium.NoSuchElementException: 
no such element: Unable to locate element: {"method":"xpath","selector":"//ul[@class='dropdown-menu dropdown-menu-right']//a[normalize-space()='Logout']"}
  (Session info: chrome=91.0.4472.164)
For documentation on this error, please visit: https://www.seleniumhq.org/exceptions/no_such_element.html
Build info: version: '3.141.59', revision: 'e82be7d358', time: '2018-11-14T08:17:03'
System info: host: 'DESKTOP-N73IAD5', ip: '192.168.43.139', os.name: 'Windows 10', os.arch: 'amd64', os.version: '10.0', java.version: '11.0.11'
Driver info: org.openqa.selenium.chrome.ChromeDriver
Capabilities {acceptInsecureCerts: false, browserName: chrome, browserVersion: 91.0.4472.164, chrome: {chromedriverVersion: 91.0.4472.101 (af52a90bf870..., userDataDir: C:\Users\7du\AppData\Local\...}, goog:chromeOptions: {debuggerAddress: localhost:54260}, javascriptEnabled: true, networkConnectionEnabled: false, pageLoadStrategy: normal, platform: WINDOWS, platformName: WINDOWS, proxy: Proxy(), setWindowRect: true, strictFileInteractability: false, timeouts: {implicit: 0, pageLoad: 300000, script: 30000}, unhandledPromptBehavior: dismiss and notify, webauthn:extension:largeBlob: true, webauthn:virtualAuthenticators: true}
Session ID: 6c2e2dddbaa2762271ef402f78bf12ea
*** Element info: {Using=xpath, value=//ul[@class='dropdown-menu dropdown-menu-right']//a[normalize-space()='Logout']}
	at tests.LoginTest.login(LoginTest.java:56)

